2023-08-10 17:52:44.069 | INFO     | s:create_blog:292 - blog文章.md创建成功！
2023-08-10 17:52:44.075 | INFO     | s:create_blog:292 - blog文章.md创建成功！
2023-08-10 17:52:44.081 | INFO     | s:create_blog:292 - blog文章.md创建成功！
2023-08-10 17:52:44.087 | INFO     | s:create_blog:292 - blog文章.md创建成功！
2023-08-10 17:52:44.093 | INFO     | s:create_blog:292 - blog文章.md创建成功！
2023-08-10 17:52:44.119 | INFO     | s:create_blog:292 - blog文章.md创建成功！
2023-08-10 17:52:44.135 | INFO     | s:create_blog:292 - blog文章.md创建成功！
2023-08-10 17:52:44.139 | INFO     | s:create_blog:292 - blog文章.md创建成功！
2023-08-10 17:52:44.149 | INFO     | s:create_blog:292 - blog文章.md创建成功！
2023-08-10 17:52:44.159 | INFO     | s:create_blog:292 - blog文章.md创建成功！
2023-08-10 17:52:44.167 | INFO     | s:create_blog:292 - blog文章.md创建成功！
2023-08-10 17:52:44.169 | INFO     | s:create_blog:292 - blog文章.md创建成功！
2023-08-10 17:52:44.179 | INFO     | s:create_blog:292 - blog文章.md创建成功！
2023-08-10 17:52:44.190 | INFO     | s:create_blog:292 - blog文章.md创建成功！
2023-08-10 17:52:44.197 | INFO     | s:create_blog:292 - blog文章.md创建成功！
2023-08-10 17:52:44.207 | INFO     | s:create_blog:292 - blog文章.md创建成功！
2023-08-10 17:52:44.210 | INFO     | s:create_blog:292 - blog文章.md创建成功！
2023-08-10 17:52:44.220 | INFO     | s:create_blog:292 - blog文章.md创建成功！
2023-08-10 17:52:44.226 | INFO     | s:create_blog:292 - blog文章.md创建成功！
2023-08-10 17:52:44.237 | INFO     | s:create_blog:292 - blog文章.md创建成功！
2023-08-10 17:52:44.238 | INFO     | s:create_test:326 - 测试文件创建完毕！
2023-08-10 17:52:54.439 | INFO     | utils:create_dir:126 - 目录 E:\suiyan-suiyan-v3\blog 创建成功
2023-08-10 17:52:54.443 | INFO     | utils:clear_build:148 - 清理所有静态html成功！
2023-08-10 17:52:54.447 | INFO     | utils:copy_file:230 - 文件E:\suiyan-suiyan-v3\config.json已复制到E:\suiyan-suiyan-v3\blog\config.json
2023-08-10 17:52:54.508 | INFO     | utils:create_data_json:93 - blog数据索引更新完毕！
2023-08-10 17:52:54.608 | INFO     | s:create_index_html:124 - 生成首页、列表页成功！
2023-08-10 17:52:54.638 | INFO     | s:create_archives_html:192 - 生成archives.html成功！
2023-08-10 17:52:54.679 | INFO     | s:create_tags_html:215 - 生成tags.html成功！
2023-08-10 17:52:54.801 | INFO     | s:create_allblog:242 - 生成所有文章页成功！
2023-08-10 17:52:54.812 | INFO     | s:create_sitemap:79 - sitemap.xml、sitemap.txt更新完毕！
2023-08-10 17:52:54.829 | INFO     | s:create_rss:104 - 生成rss.xml成功！
2023-08-10 17:52:54.829 | INFO     | s:create_all:336 - 所有静态资源创建更新完毕！
2023-08-10 17:59:09.525 | INFO     | __main__:create_blog:292 - blog文章.md创建成功！
2023-08-10 20:27:40.149 | INFO     | utils:clear_build:148 - 清理所有静态html成功！
2023-08-10 20:27:40.149 | INFO     | utils:copy_file:230 - 文件E:\NoneOfEver.github.io\blog_file\config.json已复制到E:\NoneOfEver.github.io\blog_file\blog\config.json
2023-08-10 20:27:40.478 | INFO     | utils:create_data_json:93 - blog数据索引更新完毕！
2023-08-10 20:27:40.639 | INFO     | __main__:create_index_html:124 - 生成首页、列表页成功！
2023-08-10 20:27:40.668 | INFO     | __main__:create_archives_html:192 - 生成archives.html成功！
2023-08-10 20:27:40.699 | INFO     | __main__:create_tags_html:215 - 生成tags.html成功！
2023-08-10 20:27:40.820 | INFO     | __main__:create_allblog:242 - 生成所有文章页成功！
2023-08-10 20:27:40.837 | INFO     | __main__:create_sitemap:79 - sitemap.xml、sitemap.txt更新完毕！
2023-08-10 20:27:40.849 | INFO     | __main__:create_rss:104 - 生成rss.xml成功！
2023-08-10 20:27:40.849 | INFO     | __main__:create_all:336 - 所有静态资源创建更新完毕！
2023-08-10 20:31:12.594 | INFO     | utils:clear_build:148 - 清理所有静态html成功！
2023-08-10 20:31:12.606 | INFO     | utils:copy_file:230 - 文件E:\NoneOfEver.github.io\blog_file\config.json已复制到E:\NoneOfEver.github.io\blog_file\blog\config.json
2023-08-10 20:31:12.646 | INFO     | utils:create_data_json:93 - blog数据索引更新完毕！
2023-08-10 20:31:12.714 | INFO     | __main__:create_index_html:124 - 生成首页、列表页成功！
2023-08-10 20:31:12.744 | INFO     | __main__:create_archives_html:192 - 生成archives.html成功！
2023-08-10 20:31:12.766 | INFO     | __main__:create_tags_html:215 - 生成tags.html成功！
2023-08-10 20:31:12.869 | INFO     | __main__:create_allblog:242 - 生成所有文章页成功！
2023-08-10 20:31:12.874 | INFO     | __main__:create_sitemap:79 - sitemap.xml、sitemap.txt更新完毕！
2023-08-10 20:31:12.886 | INFO     | __main__:create_rss:104 - 生成rss.xml成功！
2023-08-10 20:31:12.886 | INFO     | __main__:create_all:336 - 所有静态资源创建更新完毕！
2023-08-10 20:32:11.467 | INFO     | utils:clear_build:148 - 清理所有静态html成功！
2023-08-10 20:32:11.467 | INFO     | utils:copy_file:230 - 文件E:\NoneOfEver.github.io\blog_file\config.json已复制到E:\NoneOfEver.github.io\blog_file\blog\config.json
2023-08-10 20:32:11.521 | INFO     | utils:create_data_json:93 - blog数据索引更新完毕！
2023-08-10 20:32:11.594 | INFO     | __main__:create_index_html:124 - 生成首页、列表页成功！
2023-08-10 20:32:11.614 | INFO     | __main__:create_archives_html:192 - 生成archives.html成功！
2023-08-10 20:32:11.639 | INFO     | __main__:create_tags_html:215 - 生成tags.html成功！
2023-08-10 20:32:11.754 | INFO     | __main__:create_allblog:242 - 生成所有文章页成功！
2023-08-10 20:32:11.766 | INFO     | __main__:create_sitemap:79 - sitemap.xml、sitemap.txt更新完毕！
2023-08-10 20:32:11.774 | INFO     | __main__:create_rss:104 - 生成rss.xml成功！
2023-08-10 20:32:11.774 | INFO     | __main__:create_all:336 - 所有静态资源创建更新完毕！
2023-08-10 20:44:57.019 | INFO     | utils:clear_build:148 - 清理所有静态html成功！
2023-08-10 20:44:57.019 | INFO     | utils:copy_file:230 - 文件E:\NoneOfEver.github.io\blog_file\config.json已复制到E:\NoneOfEver.github.io\blog_file\blog\config.json
2023-08-10 20:44:57.065 | INFO     | utils:create_data_json:93 - blog数据索引更新完毕！
2023-08-10 20:44:57.127 | INFO     | __main__:create_index_html:124 - 生成首页、列表页成功！
2023-08-10 20:44:57.147 | INFO     | __main__:create_archives_html:192 - 生成archives.html成功！
2023-08-10 20:44:57.179 | INFO     | __main__:create_tags_html:215 - 生成tags.html成功！
2023-08-10 20:44:57.216 | INFO     | __main__:create_allblog:242 - 生成所有文章页成功！
2023-08-10 20:44:57.219 | INFO     | __main__:create_sitemap:79 - sitemap.xml、sitemap.txt更新完毕！
2023-08-10 20:44:57.232 | INFO     | __main__:create_rss:104 - 生成rss.xml成功！
2023-08-10 20:44:57.234 | INFO     | __main__:create_all:336 - 所有静态资源创建更新完毕！
2023-08-10 20:48:04.179 | INFO     | utils:clear_build:148 - 清理所有静态html成功！
2023-08-10 20:48:04.190 | INFO     | utils:copy_file:230 - 文件E:\NoneOfEver.github.io\blog_file\config.json已复制到E:\NoneOfEver.github.io\blog_file\blog\config.json
2023-08-10 20:48:04.220 | INFO     | utils:create_data_json:93 - blog数据索引更新完毕！
2023-08-10 20:48:04.279 | INFO     | __main__:create_index_html:124 - 生成首页、列表页成功！
2023-08-10 20:48:04.300 | INFO     | __main__:create_archives_html:192 - 生成archives.html成功！
2023-08-10 20:48:04.329 | INFO     | __main__:create_tags_html:215 - 生成tags.html成功！
2023-08-10 20:48:04.350 | INFO     | __main__:create_allblog:242 - 生成所有文章页成功！
2023-08-10 20:48:04.361 | INFO     | __main__:create_sitemap:79 - sitemap.xml、sitemap.txt更新完毕！
2023-08-10 20:48:04.369 | INFO     | __main__:create_rss:104 - 生成rss.xml成功！
2023-08-10 20:48:04.369 | INFO     | __main__:create_all:336 - 所有静态资源创建更新完毕！
2023-08-10 21:39:48.024 | INFO     | utils:clear_build:148 - 清理所有静态html成功！
2023-08-10 21:39:48.024 | INFO     | utils:copy_file:230 - 文件E:\NoneOfEver.github.io\blog_file\config.json已复制到E:\NoneOfEver.github.io\blog_file\blog\config.json
2023-08-10 21:39:48.072 | INFO     | utils:create_data_json:93 - blog数据索引更新完毕！
2023-08-10 21:39:48.125 | INFO     | __main__:create_index_html:124 - 生成首页、列表页成功！
2023-08-10 21:39:48.153 | INFO     | __main__:create_archives_html:192 - 生成archives.html成功！
2023-08-10 21:39:48.175 | INFO     | __main__:create_tags_html:215 - 生成tags.html成功！
2023-08-10 21:39:48.204 | INFO     | __main__:create_allblog:242 - 生成所有文章页成功！
2023-08-10 21:39:48.213 | INFO     | __main__:create_sitemap:79 - sitemap.xml、sitemap.txt更新完毕！
2023-08-10 21:39:48.213 | INFO     | __main__:create_rss:104 - 生成rss.xml成功！
2023-08-10 21:39:48.223 | INFO     | __main__:create_all:336 - 所有静态资源创建更新完毕！
2023-08-10 21:40:57.471 | INFO     | utils:clear_build:148 - 清理所有静态html成功！
2023-08-10 21:40:57.475 | INFO     | utils:copy_file:230 - 文件E:\NoneOfEver.github.io\blog_file\config.json已复制到E:\NoneOfEver.github.io\blog_file\blog\config.json
2023-08-10 21:40:57.512 | INFO     | utils:create_data_json:93 - blog数据索引更新完毕！
2023-08-10 21:40:57.572 | INFO     | __main__:create_index_html:124 - 生成首页、列表页成功！
2023-08-10 21:40:57.593 | INFO     | __main__:create_archives_html:192 - 生成archives.html成功！
2023-08-10 21:40:57.613 | INFO     | __main__:create_tags_html:215 - 生成tags.html成功！
2023-08-10 21:40:57.652 | INFO     | __main__:create_allblog:242 - 生成所有文章页成功！
2023-08-10 21:40:57.664 | INFO     | __main__:create_sitemap:79 - sitemap.xml、sitemap.txt更新完毕！
2023-08-10 21:40:57.672 | INFO     | __main__:create_rss:104 - 生成rss.xml成功！
2023-08-10 21:40:57.675 | INFO     | __main__:create_all:336 - 所有静态资源创建更新完毕！
2023-08-10 22:19:29.564 | INFO     | utils:clear_build:148 - 清理所有静态html成功！
2023-08-10 22:19:29.564 | INFO     | utils:copy_file:230 - 文件E:\NoneOfEver.github.io\blog_file\config.json已复制到E:\NoneOfEver.github.io\blog_file\blog\config.json
2023-08-10 22:19:29.606 | INFO     | utils:create_data_json:93 - blog数据索引更新完毕！
2023-08-10 22:19:29.685 | INFO     | __main__:create_index_html:124 - 生成首页、列表页成功！
2023-08-10 22:19:29.705 | INFO     | __main__:create_archives_html:192 - 生成archives.html成功！
2023-08-10 22:19:29.733 | INFO     | __main__:create_tags_html:215 - 生成tags.html成功！
2023-08-10 22:19:29.764 | INFO     | __main__:create_allblog:242 - 生成所有文章页成功！
2023-08-10 22:19:29.774 | INFO     | __main__:create_sitemap:79 - sitemap.xml、sitemap.txt更新完毕！
2023-08-10 22:19:29.783 | INFO     | __main__:create_rss:104 - 生成rss.xml成功！
2023-08-10 22:19:29.784 | INFO     | __main__:create_all:336 - 所有静态资源创建更新完毕！
2023-08-10 22:26:20.726 | INFO     | utils:clear_build:148 - 清理所有静态html成功！
2023-08-10 22:26:20.735 | INFO     | utils:copy_file:230 - 文件E:\NoneOfEver.github.io\blog_file\config.json已复制到E:\NoneOfEver.github.io\blog_file\blog\config.json
2023-08-10 22:26:20.774 | INFO     | utils:create_data_json:93 - blog数据索引更新完毕！
2023-08-10 22:26:20.834 | INFO     | __main__:create_index_html:124 - 生成首页、列表页成功！
2023-08-10 22:26:20.854 | INFO     | __main__:create_archives_html:192 - 生成archives.html成功！
2023-08-10 22:26:20.879 | INFO     | __main__:create_tags_html:215 - 生成tags.html成功！
2023-08-10 22:26:20.906 | INFO     | __main__:create_allblog:242 - 生成所有文章页成功！
2023-08-10 22:26:20.914 | INFO     | __main__:create_sitemap:79 - sitemap.xml、sitemap.txt更新完毕！
2023-08-10 22:26:20.926 | INFO     | __main__:create_rss:104 - 生成rss.xml成功！
2023-08-10 22:26:20.926 | INFO     | __main__:create_all:336 - 所有静态资源创建更新完毕！
2023-08-10 22:27:20.744 | INFO     | utils:clear_build:148 - 清理所有静态html成功！
2023-08-10 22:27:20.749 | INFO     | utils:copy_file:230 - 文件E:\NoneOfEver.github.io\blog_file\config.json已复制到E:\NoneOfEver.github.io\blog_file\blog\config.json
2023-08-10 22:27:20.794 | INFO     | utils:create_data_json:93 - blog数据索引更新完毕！
2023-08-10 22:27:20.854 | INFO     | __main__:create_index_html:124 - 生成首页、列表页成功！
2023-08-10 22:27:20.874 | INFO     | __main__:create_archives_html:192 - 生成archives.html成功！
2023-08-10 22:27:20.904 | INFO     | __main__:create_tags_html:215 - 生成tags.html成功！
2023-08-10 22:27:20.934 | INFO     | __main__:create_allblog:242 - 生成所有文章页成功！
2023-08-10 22:27:20.947 | INFO     | __main__:create_sitemap:79 - sitemap.xml、sitemap.txt更新完毕！
2023-08-10 22:27:20.954 | INFO     | __main__:create_rss:104 - 生成rss.xml成功！
2023-08-10 22:27:20.954 | INFO     | __main__:create_all:336 - 所有静态资源创建更新完毕！
2023-08-11 10:16:31.757 | INFO     | utils:clear_build:148 - 清理所有静态html成功！
2023-08-11 10:16:31.757 | INFO     | utils:copy_file:230 - 文件E:\NoneOfEver.github.io\blog_file\config.json已复制到E:\NoneOfEver.github.io\blog_file\blog\config.json
2023-08-11 10:16:32.035 | INFO     | utils:create_data_json:93 - blog数据索引更新完毕！
2023-08-11 10:16:32.141 | INFO     | __main__:create_index_html:124 - 生成首页、列表页成功！
2023-08-11 10:16:32.173 | INFO     | __main__:create_archives_html:192 - 生成archives.html成功！
2023-08-11 10:16:32.213 | INFO     | __main__:create_tags_html:215 - 生成tags.html成功！
2023-08-11 10:16:32.259 | INFO     | __main__:create_allblog:242 - 生成所有文章页成功！
2023-08-11 10:16:32.269 | INFO     | __main__:create_sitemap:79 - sitemap.xml、sitemap.txt更新完毕！
2023-08-11 10:16:32.290 | INFO     | __main__:create_rss:104 - 生成rss.xml成功！
2023-08-11 10:16:32.290 | INFO     | __main__:create_all:336 - 所有静态资源创建更新完毕！
2023-08-11 10:46:50.239 | INFO     | utils:clear_build:143 - 清理所有静态html成功！
2023-08-11 10:46:50.239 | INFO     | utils:copy_file:225 - 文件E:\NoneOfEver.github.io\blog_file\config.json已复制到E:\NoneOfEver.github.io\blog_file\blog\config.json
2023-08-11 10:46:50.287 | INFO     | utils:create_data_json:88 - blog数据索引更新完毕！
2023-08-11 10:46:50.336 | INFO     | __main__:create_index_html:115 - 生成首页、列表页成功！
2023-08-11 10:46:50.362 | INFO     | __main__:create_archives_html:183 - 生成archives.html成功！
2023-08-11 10:46:50.378 | INFO     | __main__:create_tags_html:206 - 生成tags.html成功！
2023-08-11 10:46:50.415 | INFO     | __main__:create_allblog:233 - 生成所有文章页成功！
2023-08-11 10:46:50.425 | INFO     | __main__:create_sitemap:70 - sitemap.xml、sitemap.txt更新完毕！
2023-08-11 10:46:50.431 | INFO     | __main__:create_rss:95 - 生成rss.xml成功！
2023-08-11 10:46:50.431 | INFO     | __main__:create_all:327 - 所有静态资源创建更新完毕！
2023-08-11 11:02:45.677 | INFO     | utils:clear_build:143 - 清理所有静态html成功！
2023-08-11 11:02:45.693 | INFO     | utils:copy_file:225 - 文件E:\NoneOfEver.github.io\blog_file\config.json已复制到E:\NoneOfEver.github.io\blog_file\blog\config.json
2023-08-11 11:02:45.725 | INFO     | utils:create_data_json:88 - blog数据索引更新完毕！
2023-08-11 11:02:45.788 | INFO     | __main__:create_index_html:115 - 生成首页、列表页成功！
2023-08-11 11:02:45.803 | INFO     | __main__:create_archives_html:183 - 生成archives.html成功！
2023-08-11 11:02:45.834 | INFO     | __main__:create_tags_html:206 - 生成tags.html成功！
2023-08-11 11:02:45.866 | INFO     | __main__:create_allblog:233 - 生成所有文章页成功！
2023-08-11 11:02:45.866 | INFO     | __main__:create_sitemap:70 - sitemap.xml、sitemap.txt更新完毕！
2023-08-11 11:02:45.882 | INFO     | __main__:create_rss:95 - 生成rss.xml成功！
2023-08-11 11:02:45.882 | INFO     | __main__:create_all:327 - 所有静态资源创建更新完毕！
2023-08-11 11:26:50.725 | INFO     | utils:clear_build:143 - 清理所有静态html成功！
2023-08-11 11:26:50.740 | INFO     | utils:copy_file:225 - 文件E:\NoneOfEver.github.io\blog_file\config.json已复制到E:\NoneOfEver.github.io\blog_file\blog\config.json
2023-08-11 11:26:50.772 | INFO     | utils:create_data_json:88 - blog数据索引更新完毕！
2023-08-11 11:26:50.844 | INFO     | __main__:create_index_html:115 - 生成首页、列表页成功！
2023-08-11 11:26:50.860 | INFO     | __main__:create_archives_html:183 - 生成archives.html成功！
2023-08-11 11:26:50.896 | INFO     | __main__:create_tags_html:206 - 生成tags.html成功！
2023-08-11 11:26:50.936 | INFO     | __main__:create_allblog:233 - 生成所有文章页成功！
2023-08-11 11:26:50.943 | INFO     | __main__:create_sitemap:70 - sitemap.xml、sitemap.txt更新完毕！
2023-08-11 11:26:50.952 | INFO     | __main__:create_rss:95 - 生成rss.xml成功！
2023-08-11 11:26:50.954 | INFO     | __main__:create_all:327 - 所有静态资源创建更新完毕！
2023-08-11 11:30:00.743 | INFO     | utils:clear_build:143 - 清理所有静态html成功！
2023-08-11 11:30:00.747 | INFO     | utils:copy_file:225 - 文件E:\NoneOfEver.github.io\blog_file\config.json已复制到E:\NoneOfEver.github.io\blog_file\blog\config.json
2023-08-11 11:30:00.789 | INFO     | utils:create_data_json:88 - blog数据索引更新完毕！
2023-08-11 11:30:00.843 | INFO     | __main__:create_index_html:115 - 生成首页、列表页成功！
2023-08-11 11:30:00.866 | INFO     | __main__:create_archives_html:183 - 生成archives.html成功！
2023-08-11 11:30:00.896 | INFO     | __main__:create_tags_html:206 - 生成tags.html成功！
2023-08-11 11:30:00.928 | INFO     | __main__:create_allblog:233 - 生成所有文章页成功！
2023-08-11 11:30:00.928 | INFO     | __main__:create_sitemap:70 - sitemap.xml、sitemap.txt更新完毕！
2023-08-11 11:30:00.944 | INFO     | __main__:create_rss:95 - 生成rss.xml成功！
2023-08-11 11:30:00.944 | INFO     | __main__:create_all:327 - 所有静态资源创建更新完毕！
2023-08-11 11:50:33.480 | INFO     | utils:clear_build:143 - 清理所有静态html成功！
2023-08-11 11:50:33.496 | INFO     | utils:copy_file:225 - 文件E:\NoneOfEver.github.io\blog_file\config.json已复制到E:\NoneOfEver.github.io\blog_file\blog\config.json
2023-08-11 11:50:33.527 | INFO     | utils:create_data_json:88 - blog数据索引更新完毕！
2023-08-11 11:50:33.590 | INFO     | __main__:create_index_html:115 - 生成首页、列表页成功！
2023-08-11 11:50:33.621 | INFO     | __main__:create_archives_html:183 - 生成archives.html成功！
2023-08-11 11:50:33.637 | INFO     | __main__:create_tags_html:206 - 生成tags.html成功！
2023-08-11 11:50:33.669 | INFO     | __main__:create_allblog:233 - 生成所有文章页成功！
2023-08-11 11:50:33.684 | INFO     | __main__:create_sitemap:70 - sitemap.xml、sitemap.txt更新完毕！
2023-08-11 11:50:33.684 | INFO     | __main__:create_rss:95 - 生成rss.xml成功！
2023-08-11 11:50:33.684 | INFO     | __main__:create_all:327 - 所有静态资源创建更新完毕！
2023-08-15 20:49:32.965 | INFO     | utils:clear_build:143 - 清理所有静态html成功！
2023-08-15 20:49:32.965 | INFO     | utils:copy_file:225 - 文件E:\NoneOfEver.github.io\blog_file\config.json已复制到E:\NoneOfEver.github.io\blog_file\blog\config.json
2023-08-15 20:49:33.537 | INFO     | utils:create_data_json:88 - blog数据索引更新完毕！
2023-08-15 20:49:33.798 | INFO     | __main__:create_index_html:115 - 生成首页、列表页成功！
2023-08-15 20:49:33.843 | INFO     | __main__:create_archives_html:183 - 生成archives.html成功！
2023-08-15 20:59:46.623 | INFO     | utils:clear_build:143 - 清理所有静态html成功！
2023-08-15 20:59:46.637 | INFO     | utils:copy_file:225 - 文件E:\NoneOfEver.github.io\blog_file\config.json已复制到E:\NoneOfEver.github.io\blog_file\blog\config.json
2023-08-15 20:59:46.732 | INFO     | utils:create_data_json:88 - blog数据索引更新完毕！
2023-08-15 20:59:46.857 | INFO     | __main__:create_index_html:115 - 生成首页、列表页成功！
2023-08-15 20:59:46.889 | INFO     | __main__:create_archives_html:183 - 生成archives.html成功！
2023-08-15 20:59:46.905 | INFO     | __main__:create_aboutme_html:196 - 生成aboutme.html成功！
2023-08-15 20:59:46.984 | INFO     | __main__:create_tags_html:219 - 生成tags.html成功！
2023-08-15 20:59:47.074 | INFO     | __main__:create_allblog:246 - 生成所有文章页成功！
2023-08-15 20:59:47.106 | INFO     | __main__:create_sitemap:70 - sitemap.xml、sitemap.txt更新完毕！
2023-08-15 20:59:47.137 | INFO     | __main__:create_rss:95 - 生成rss.xml成功！
2023-08-15 20:59:47.137 | INFO     | __main__:create_all:340 - 所有静态资源创建更新完毕！
2023-08-15 21:54:17.226 | INFO     | utils:clear_build:143 - 清理所有静态html成功！
2023-08-15 21:54:17.226 | INFO     | utils:copy_file:225 - 文件E:\NoneOfEver.github.io\blog_file\config.json已复制到E:\NoneOfEver.github.io\blog_file\blog\config.json
2023-08-15 21:54:17.310 | INFO     | utils:create_data_json:88 - blog数据索引更新完毕！
2023-08-15 21:54:17.414 | INFO     | __main__:create_index_html:115 - 生成首页、列表页成功！
2023-08-15 21:54:17.446 | INFO     | __main__:create_archives_html:183 - 生成archives.html成功！
2023-08-15 21:54:17.461 | INFO     | __main__:create_aboutme_html:196 - 生成aboutme.html成功！
2023-08-15 21:54:17.511 | INFO     | __main__:create_tags_html:219 - 生成tags.html成功！
2023-08-15 21:54:17.566 | INFO     | __main__:create_allblog:246 - 生成所有文章页成功！
2023-08-15 21:54:17.582 | INFO     | __main__:create_sitemap:70 - sitemap.xml、sitemap.txt更新完毕！
2023-08-15 21:54:17.598 | INFO     | __main__:create_rss:95 - 生成rss.xml成功！
2023-08-15 21:54:17.606 | INFO     | __main__:create_all:340 - 所有静态资源创建更新完毕！
2023-08-15 22:05:10.994 | INFO     | utils:clear_build:143 - 清理所有静态html成功！
2023-08-15 22:05:10.994 | INFO     | utils:copy_file:225 - 文件E:\NoneOfEver.github.io\blog_file\config.json已复制到E:\NoneOfEver.github.io\blog_file\blog\config.json
2023-08-15 22:05:11.057 | INFO     | utils:create_data_json:88 - blog数据索引更新完毕！
2023-08-15 22:05:11.167 | INFO     | __main__:create_index_html:115 - 生成首页、列表页成功！
2023-08-15 22:05:11.214 | INFO     | __main__:create_archives_html:183 - 生成archives.html成功！
2023-08-15 22:11:10.639 | INFO     | utils:clear_build:143 - 清理所有静态html成功！
2023-08-15 22:11:10.646 | INFO     | utils:copy_file:225 - 文件E:\NoneOfEver.github.io\blog_file\config.json已复制到E:\NoneOfEver.github.io\blog_file\blog\config.json
2023-08-15 22:11:10.745 | INFO     | utils:create_data_json:88 - blog数据索引更新完毕！
2023-08-15 22:11:10.869 | INFO     | __main__:create_index_html:115 - 生成首页、列表页成功！
2023-08-15 22:11:10.927 | INFO     | __main__:create_archives_html:183 - 生成archives.html成功！
2023-08-15 22:13:42.352 | INFO     | utils:clear_build:143 - 清理所有静态html成功！
2023-08-15 22:13:42.361 | INFO     | utils:copy_file:225 - 文件E:\NoneOfEver.github.io\blog_file\config.json已复制到E:\NoneOfEver.github.io\blog_file\blog\config.json
2023-08-15 22:13:42.460 | INFO     | utils:create_data_json:88 - blog数据索引更新完毕！
2023-08-15 22:13:42.583 | INFO     | __main__:create_index_html:115 - 生成首页、列表页成功！
2023-08-15 22:13:42.625 | INFO     | __main__:create_archives_html:183 - 生成archives.html成功！
2023-08-15 22:14:54.930 | INFO     | utils:clear_build:143 - 清理所有静态html成功！
2023-08-15 22:14:54.939 | INFO     | utils:copy_file:225 - 文件E:\NoneOfEver.github.io\blog_file\config.json已复制到E:\NoneOfEver.github.io\blog_file\blog\config.json
2023-08-15 22:14:55.037 | INFO     | utils:create_data_json:88 - blog数据索引更新完毕！
2023-08-15 22:14:55.163 | INFO     | __main__:create_index_html:115 - 生成首页、列表页成功！
2023-08-15 22:14:55.205 | INFO     | __main__:create_archives_html:183 - 生成archives.html成功！
2023-08-15 22:14:55.256 | INFO     | __main__:create_aboutme_html:203 - 生成aboutme.html成功！
2023-08-15 22:14:55.293 | INFO     | __main__:create_tags_html:226 - 生成tags.html成功！
2023-08-15 22:14:55.345 | INFO     | __main__:create_allblog:253 - 生成所有文章页成功！
2023-08-15 22:14:55.361 | INFO     | __main__:create_sitemap:70 - sitemap.xml、sitemap.txt更新完毕！
2023-08-15 22:14:55.374 | INFO     | __main__:create_rss:95 - 生成rss.xml成功！
2023-08-15 22:14:55.378 | INFO     | __main__:create_all:347 - 所有静态资源创建更新完毕！
2023-08-16 00:23:53.388 | INFO     | s:create_blog:303 - blog文章.md创建成功！
2023-08-16 00:25:20.189 | INFO     | utils:clear_build:143 - 清理所有静态html成功！
2023-08-16 00:25:20.197 | INFO     | utils:copy_file:225 - 文件E:\NoneOfEver.github.io\blog_file\config.json已复制到E:\NoneOfEver.github.io\blog_file\blog\config.json
2023-08-16 00:25:20.291 | ERROR    | utils:extract_md_header:108 - 错误：[''] 无法分割成键值对
